app/build/intermediates/manifest_merge_blame_file/debug/processDebugMainManifest/manifest-merger-blame-debug-report.txt
1<?xml version="1.0" encoding="utf-8"?>
2<manifest xmlns:android="http://schemas.android.com/apk/res/android"
3    package="com.example.widget"
4    android:versionCode="1"
5    android:versionName="1.0" >
6
7    <uses-sdk
8        android:minSdkVersion="24"
9        android:targetSdkVersion="33" />
10
11    <application
11-->src/main/AndroidManifest.xml:3:5-17:19
12        android:debuggable="true"
13        android:extractNativeLibs="false" >
14        <receiver
14-->src/main/AndroidManifest.xml:5:9-15:20
15            android:name="com.example.widget.CatWidgetProvider"
15-->src/main/AndroidManifest.xml:6:13-46
16            android:exported="false" >
16-->src/main/AndroidManifest.xml:7:13-37
17            <intent-filter>
17-->src/main/AndroidManifest.xml:8:13-10:29
18                <action android:name="android.appwidget.action.APPWIDGET_UPDATE" />
18-->src/main/AndroidManifest.xml:9:17-83
18-->src/main/AndroidManifest.xml:9:25-81
19            </intent-filter>
20
21            <meta-data
21-->src/main/AndroidManifest.xml:12:13-14:54
22                android:name="android.appwidget.provider"
22-->src/main/AndroidManifest.xml:13:17-58
23                android:resource="@xml/widget_info" />
23-->src/main/AndroidManifest.xml:14:17-52
24        </receiver>
25    </application>
26
27</manifest>